[2025-05-15T02:05:54.819Z] Starting automatic documentation deployment for repository cmaokl1jh0006le5kxmpq9nj6
[2025-05-15T02:05:54.824Z] Starting Docusaurus in development mode...
[2025-05-15T02:05:55.082Z] Docusaurus server is already running on port 3001
[2025-05-15T02:05:55.082Z] You can access the documentation at: http://localhost:3001
[2025-05-15T02:06:10.398Z] Starting automatic documentation deployment for repository cmaokl1jh0006le5kxmpq9nj6
[2025-05-15T02:06:10.400Z] Starting Docusaurus in development mode...
[2025-05-15T02:06:10.522Z] Docusaurus server is already running on port 3001
[2025-05-15T02:06:10.524Z] You can access the documentation at: http://localhost:3001
[2025-05-15T08:53:21.679Z] Starting automatic documentation deployment for repository cmaokl1jh0006le5kxmpq9nj6
[2025-05-15T08:53:21.695Z] Starting Docusaurus in development mode...
[2025-05-15T08:53:22.686Z] Starting Docusaurus server in background...
[2025-05-15T08:53:22.884Z] Docusaurus server started in background
[2025-05-15T08:53:22.886Z] You can access the documentation at: http://localhost:3001
[2025-05-15T08:53:50.781Z] Starting automatic documentation deployment for repository cmaokl1jh0006le5kxmpq9nj6
[2025-05-15T08:53:50.784Z] Starting Docusaurus in development mode...
[2025-05-15T08:53:50.912Z] Starting Docusaurus server in background...
[2025-05-15T08:53:50.927Z] Docusaurus server started in background
[2025-05-15T08:53:50.929Z] You can access the documentation at: http://localhost:3001
[2025-05-15T09:03:24.424Z] Starting automatic documentation deployment for repository cmaokl1jh0006le5kxmpq9nj6
[2025-05-15T09:03:24.431Z] Starting Docusaurus in development mode...
[2025-05-15T09:03:24.665Z] Starting Docusaurus server in background...
[2025-05-15T09:03:24.700Z] Docusaurus server started in background
[2025-05-15T09:03:24.702Z] You can access the documentation at: http://localhost:3001
[2025-05-15T09:04:46.667Z] Starting automatic documentation deployment for repository cmaokl1jh0006le5kxmpq9nj6
[2025-05-15T09:04:46.669Z] Starting Docusaurus in development mode...
[2025-05-15T09:04:46.893Z] Starting Docusaurus server in background...
[2025-05-15T09:04:46.914Z] Docusaurus server started in background
[2025-05-15T09:04:46.916Z] You can access the documentation at: http://localhost:3001
[2025-05-15T09:13:52.106Z] Starting automatic documentation deployment for repository cmaokl1jh0006le5kxmpq9nj6
[2025-05-15T09:13:52.114Z] Starting Docusaurus in development mode...
[2025-05-15T09:13:52.362Z] Starting Docusaurus server in background...
[2025-05-15T09:13:52.404Z] Docusaurus server started in background
[2025-05-15T09:13:52.406Z] You can access the documentation at: http://localhost:3001
[2025-05-15T09:14:17.650Z] Starting automatic documentation deployment for repository cmaokl1jh0006le5kxmpq9nj6
[2025-05-15T09:14:17.656Z] Starting Docusaurus in development mode...
[2025-05-15T09:14:17.938Z] Docusaurus server is already running on port 3001
[2025-05-15T09:14:17.939Z] You can access the documentation at: http://localhost:3001
[2025-05-15T10:38:47.402Z] Starting automatic documentation deployment for repository cmaokl1jh0006le5kxmpq9nj6
[2025-05-15T10:38:47.435Z] Starting Docusaurus in development mode...
[2025-05-15T10:38:51.465Z] Docusaurus server is already running on port 3001
[2025-05-15T10:38:51.468Z] You can access the documentation at: http://localhost:3001
